This is pdfTeX, Version 3.14159265-2.6-1.40.19 (MiKTeX 2.9.6630 64-bit) (preloaded format=pdflatex 2018.10.1)  20 OCT 2018 00:53
entering extended mode
**./M6_Pozo_Montoro_Maria.tex
(M6_Pozo_Montoro_Maria.tex
LaTeX2e <2017-04-15>
Babel <3.18> and hyphenation patterns for 75 language(s) loaded.
("C:\Users\María\AppData\Local\Programs\MiKTeX 2.9\tex\latex\base\article.cls"
Document Class: article 2014/09/29 v1.4h Standard LaTeX document class
("C:\Users\María\AppData\Local\Programs\MiKTeX 2.9\tex\latex\base\size11.clo"
File: size11.clo 2014/09/29 v1.4h Standard LaTeX file (size option)
)
\c@part=\count79
\c@section=\count80
\c@subsection=\count81
\c@subsubsection=\count82
\c@paragraph=\count83
\c@subparagraph=\count84
\c@figure=\count85
\c@table=\count86
\abovecaptionskip=\skip41
\belowcaptionskip=\skip42
\bibindent=\dimen102
)
("C:\Users\María\AppData\Local\Programs\MiKTeX 2.9\tex\generic\babel\babel.sty
"
Package: babel 2018/02/14 3.18 The Babel package

("C:\Users\María\AppData\Local\Programs\MiKTeX 2.9\tex\generic\babel\switch.de
f"
File: switch.def 2018/02/14 3.18 Babel switching mechanism
)
*************************************
* Local config file bblopts.cfg used
*
("C:\Users\María\AppData\Local\Programs\MiKTeX 2.9\tex\latex\arabi\bblopts.cfg
"
File: bblopts.cfg 2005/09/08 v0.1 add Arabic and Farsi to "declared" options of
 babel
)
("C:\Users\María\AppData\Local\Programs\MiKTeX 2.9\tex\latex\babel-spanish\spa
nish.ldf"
Language: spanish.ldf 2016/03/03 v5.0p Spanish support from the babel system

("C:\Users\María\AppData\Local\Programs\MiKTeX 2.9\tex\generic\babel\babel.def
"
File: babel.def 2018/02/14 3.18 Babel common definitions
\babel@savecnt=\count87
\U@D=\dimen103

("C:\Users\María\AppData\Local\Programs\MiKTeX 2.9\tex\generic\babel\txtbabel.
def")
\bbl@dirlevel=\count88
)
\es@quottoks=\toks14
\es@quotdepth=\count89
Package babel Info: Making " an active character on input line 561.
Package babel Info: Making . an active character on input line 662.
Package babel Info: Making < an active character on input line 707.
Package babel Info: Making > an active character on input line 707.
))
("C:\Users\María\AppData\Local\Programs\MiKTeX 2.9\tex\latex\base\inputenc.sty
"
Package: inputenc 2015/03/17 v1.2c Input encoding file
\inpenc@prehook=\toks15
\inpenc@posthook=\toks16
 ("C:\Users\María\AppData\Local\Programs\MiKTeX 2.9\tex\latex\base\utf8.def"
File: utf8.def 2017/01/28 v1.1t UTF-8 support for inputenc
Now handling font encoding OML ...
... no UTF-8 mapping file for font encoding OML
Now handling font encoding T1 ...
... processing UTF-8 mapping file for font encoding T1

("C:\Users\María\AppData\Local\Programs\MiKTeX 2.9\tex\latex\base\t1enc.dfu"
File: t1enc.dfu 2017/01/28 v1.1t UTF-8 support for inputenc
   defining Unicode char U+00A0 (decimal 160)
   defining Unicode char U+00A1 (decimal 161)
   defining Unicode char U+00A3 (decimal 163)
   defining Unicode char U+00AB (decimal 171)
   defining Unicode char U+00AD (decimal 173)
   defining Unicode char U+00BB (decimal 187)
   defining Unicode char U+00BF (decimal 191)
   defining Unicode char U+00C0 (decimal 192)
   defining Unicode char U+00C1 (decimal 193)
   defining Unicode char U+00C2 (decimal 194)
   defining Unicode char U+00C3 (decimal 195)
   defining Unicode char U+00C4 (decimal 196)
   defining Unicode char U+00C5 (decimal 197)
   defining Unicode char U+00C6 (decimal 198)
   defining Unicode char U+00C7 (decimal 199)
   defining Unicode char U+00C8 (decimal 200)
   defining Unicode char U+00C9 (decimal 201)
   defining Unicode char U+00CA (decimal 202)
   defining Unicode char U+00CB (decimal 203)
   defining Unicode char U+00CC (decimal 204)
   defining Unicode char U+00CD (decimal 205)
   defining Unicode char U+00CE (decimal 206)
   defining Unicode char U+00CF (decimal 207)
   defining Unicode char U+00D0 (decimal 208)
   defining Unicode char U+00D1 (decimal 209)
   defining Unicode char U+00D2 (decimal 210)
   defining Unicode char U+00D3 (decimal 211)
   defining Unicode char U+00D4 (decimal 212)
   defining Unicode char U+00D5 (decimal 213)
   defining Unicode char U+00D6 (decimal 214)
   defining Unicode char U+00D8 (decimal 216)
   defining Unicode char U+00D9 (decimal 217)
   defining Unicode char U+00DA (decimal 218)
   defining Unicode char U+00DB (decimal 219)
   defining Unicode char U+00DC (decimal 220)
   defining Unicode char U+00DD (decimal 221)
   defining Unicode char U+00DE (decimal 222)
   defining Unicode char U+00DF (decimal 223)
   defining Unicode char U+00E0 (decimal 224)
   defining Unicode char U+00E1 (decimal 225)
   defining Unicode char U+00E2 (decimal 226)
   defining Unicode char U+00E3 (decimal 227)
   defining Unicode char U+00E4 (decimal 228)
   defining Unicode char U+00E5 (decimal 229)
   defining Unicode char U+00E6 (decimal 230)
   defining Unicode char U+00E7 (decimal 231)
   defining Unicode char U+00E8 (decimal 232)
   defining Unicode char U+00E9 (decimal 233)
   defining Unicode char U+00EA (decimal 234)
   defining Unicode char U+00EB (decimal 235)
   defining Unicode char U+00EC (decimal 236)
   defining Unicode char U+00ED (decimal 237)
   defining Unicode char U+00EE (decimal 238)
   defining Unicode char U+00EF (decimal 239)
   defining Unicode char U+00F0 (decimal 240)
   defining Unicode char U+00F1 (decimal 241)
   defining Unicode char U+00F2 (decimal 242)
   defining Unicode char U+00F3 (decimal 243)
   defining Unicode char U+00F4 (decimal 244)
   defining Unicode char U+00F5 (decimal 245)
   defining Unicode char U+00F6 (decimal 246)
   defining Unicode char U+00F8 (decimal 248)
   defining Unicode char U+00F9 (decimal 249)
   defining Unicode char U+00FA (decimal 250)
   defining Unicode char U+00FB (decimal 251)
   defining Unicode char U+00FC (decimal 252)
   defining Unicode char U+00FD (decimal 253)
   defining Unicode char U+00FE (decimal 254)
   defining Unicode char U+00FF (decimal 255)
   defining Unicode char U+0100 (decimal 256)
   defining Unicode char U+0101 (decimal 257)
   defining Unicode char U+0102 (decimal 258)
   defining Unicode char U+0103 (decimal 259)
   defining Unicode char U+0104 (decimal 260)
   defining Unicode char U+0105 (decimal 261)
   defining Unicode char U+0106 (decimal 262)
   defining Unicode char U+0107 (decimal 263)
   defining Unicode char U+0108 (decimal 264)
   defining Unicode char U+0109 (decimal 265)
   defining Unicode char U+010A (decimal 266)
   defining Unicode char U+010B (decimal 267)
   defining Unicode char U+010C (decimal 268)
   defining Unicode char U+010D (decimal 269)
   defining Unicode char U+010E (decimal 270)
   defining Unicode char U+010F (decimal 271)
   defining Unicode char U+0110 (decimal 272)
   defining Unicode char U+0111 (decimal 273)
   defining Unicode char U+0112 (decimal 274)
   defining Unicode char U+0113 (decimal 275)
   defining Unicode char U+0114 (decimal 276)
   defining Unicode char U+0115 (decimal 277)
   defining Unicode char U+0116 (decimal 278)
   defining Unicode char U+0117 (decimal 279)
   defining Unicode char U+0118 (decimal 280)
   defining Unicode char U+0119 (decimal 281)
   defining Unicode char U+011A (decimal 282)
   defining Unicode char U+011B (decimal 283)
   defining Unicode char U+011C (decimal 284)
   defining Unicode char U+011D (decimal 285)
   defining Unicode char U+011E (decimal 286)
   defining Unicode char U+011F (decimal 287)
   defining Unicode char U+0120 (decimal 288)
   defining Unicode char U+0121 (decimal 289)
   defining Unicode char U+0122 (decimal 290)
   defining Unicode char U+0123 (decimal 291)
   defining Unicode char U+0124 (decimal 292)
   defining Unicode char U+0125 (decimal 293)
   defining Unicode char U+0128 (decimal 296)
   defining Unicode char U+0129 (decimal 297)
   defining Unicode char U+012A (decimal 298)
   defining Unicode char U+012B (decimal 299)
   defining Unicode char U+012C (decimal 300)
   defining Unicode char U+012D (decimal 301)
   defining Unicode char U+012E (decimal 302)
   defining Unicode char U+012F (decimal 303)
   defining Unicode char U+0130 (decimal 304)
   defining Unicode char U+0131 (decimal 305)
   defining Unicode char U+0132 (decimal 306)
   defining Unicode char U+0133 (decimal 307)
   defining Unicode char U+0134 (decimal 308)
   defining Unicode char U+0135 (decimal 309)
   defining Unicode char U+0136 (decimal 310)
   defining Unicode char U+0137 (decimal 311)
   defining Unicode char U+0139 (decimal 313)
   defining Unicode char U+013A (decimal 314)
   defining Unicode char U+013B (decimal 315)
   defining Unicode char U+013C (decimal 316)
   defining Unicode char U+013D (decimal 317)
   defining Unicode char U+013E (decimal 318)
   defining Unicode char U+0141 (decimal 321)
   defining Unicode char U+0142 (decimal 322)
   defining Unicode char U+0143 (decimal 323)
   defining Unicode char U+0144 (decimal 324)
   defining Unicode char U+0145 (decimal 325)
   defining Unicode char U+0146 (decimal 326)
   defining Unicode char U+0147 (decimal 327)
   defining Unicode char U+0148 (decimal 328)
   defining Unicode char U+014A (decimal 330)
   defining Unicode char U+014B (decimal 331)
   defining Unicode char U+014C (decimal 332)
   defining Unicode char U+014D (decimal 333)
   defining Unicode char U+014E (decimal 334)
   defining Unicode char U+014F (decimal 335)
   defining Unicode char U+0150 (decimal 336)
   defining Unicode char U+0151 (decimal 337)
   defining Unicode char U+0152 (decimal 338)
   defining Unicode char U+0153 (decimal 339)
   defining Unicode char U+0154 (decimal 340)
   defining Unicode char U+0155 (decimal 341)
   defining Unicode char U+0156 (decimal 342)
   defining Unicode char U+0157 (decimal 343)
   defining Unicode char U+0158 (decimal 344)
   defining Unicode char U+0159 (decimal 345)
   defining Unicode char U+015A (decimal 346)
   defining Unicode char U+015B (decimal 347)
   defining Unicode char U+015C (decimal 348)
   defining Unicode char U+015D (decimal 349)
   defining Unicode char U+015E (decimal 350)
   defining Unicode char U+015F (decimal 351)
   defining Unicode char U+0160 (decimal 352)
   defining Unicode char U+0161 (decimal 353)
   defining Unicode char U+0162 (decimal 354)
   defining Unicode char U+0163 (decimal 355)
   defining Unicode char U+0164 (decimal 356)
   defining Unicode char U+0165 (decimal 357)
   defining Unicode char U+0168 (decimal 360)
   defining Unicode char U+0169 (decimal 361)
   defining Unicode char U+016A (decimal 362)
   defining Unicode char U+016B (decimal 363)
   defining Unicode char U+016C (decimal 364)
   defining Unicode char U+016D (decimal 365)
   defining Unicode char U+016E (decimal 366)
   defining Unicode char U+016F (decimal 367)
   defining Unicode char U+0170 (decimal 368)
   defining Unicode char U+0171 (decimal 369)
   defining Unicode char U+0172 (decimal 370)
   defining Unicode char U+0173 (decimal 371)
   defining Unicode char U+0174 (decimal 372)
   defining Unicode char U+0175 (decimal 373)
   defining Unicode char U+0176 (decimal 374)
   defining Unicode char U+0177 (decimal 375)
   defining Unicode char U+0178 (decimal 376)
   defining Unicode char U+0179 (decimal 377)
   defining Unicode char U+017A (decimal 378)
   defining Unicode char U+017B (decimal 379)
   defining Unicode char U+017C (decimal 380)
   defining Unicode char U+017D (decimal 381)
   defining Unicode char U+017E (decimal 382)
   defining Unicode char U+01CD (decimal 461)
   defining Unicode char U+01CE (decimal 462)
   defining Unicode char U+01CF (decimal 463)
   defining Unicode char U+01D0 (decimal 464)
   defining Unicode char U+01D1 (decimal 465)
   defining Unicode char U+01D2 (decimal 466)
   defining Unicode char U+01D3 (decimal 467)
   defining Unicode char U+01D4 (decimal 468)
   defining Unicode char U+01E2 (decimal 482)
   defining Unicode char U+01E3 (decimal 483)
   defining Unicode char U+01E6 (decimal 486)
   defining Unicode char U+01E7 (decimal 487)
   defining Unicode char U+01E8 (decimal 488)
   defining Unicode char U+01E9 (decimal 489)
   defining Unicode char U+01EA (decimal 490)
   defining Unicode char U+01EB (decimal 491)
   defining Unicode char U+01F0 (decimal 496)
   defining Unicode char U+01F4 (decimal 500)
   defining Unicode char U+01F5 (decimal 501)
   defining Unicode char U+0218 (decimal 536)
   defining Unicode char U+0219 (decimal 537)
   defining Unicode char U+021A (decimal 538)
   defining Unicode char U+021B (decimal 539)
   defining Unicode char U+0232 (decimal 562)
   defining Unicode char U+0233 (decimal 563)
   defining Unicode char U+1E02 (decimal 7682)
   defining Unicode char U+1E03 (decimal 7683)
   defining Unicode char U+200C (decimal 8204)
   defining Unicode char U+2010 (decimal 8208)
   defining Unicode char U+2011 (decimal 8209)
   defining Unicode char U+2012 (decimal 8210)
   defining Unicode char U+2013 (decimal 8211)
   defining Unicode char U+2014 (decimal 8212)
   defining Unicode char U+2015 (decimal 8213)
   defining Unicode char U+2018 (decimal 8216)
   defining Unicode char U+2019 (decimal 8217)
   defining Unicode char U+201A (decimal 8218)
   defining Unicode char U+201C (decimal 8220)
   defining Unicode char U+201D (decimal 8221)
   defining Unicode char U+201E (decimal 8222)
   defining Unicode char U+2030 (decimal 8240)
   defining Unicode char U+2031 (decimal 8241)
   defining Unicode char U+2039 (decimal 8249)
   defining Unicode char U+203A (decimal 8250)
   defining Unicode char U+2423 (decimal 9251)
   defining Unicode char U+1E20 (decimal 7712)
   defining Unicode char U+1E21 (decimal 7713)
)
Now handling font encoding OT1 ...
... processing UTF-8 mapping file for font encoding OT1

("C:\Users\María\AppData\Local\Programs\MiKTeX 2.9\tex\latex\base\ot1enc.dfu"
File: ot1enc.dfu 2017/01/28 v1.1t UTF-8 support for inputenc
   defining Unicode char U+00A0 (decimal 160)
   defining Unicode char U+00A1 (decimal 161)
   defining Unicode char U+00A3 (decimal 163)
   defining Unicode char U+00AD (decimal 173)
   defining Unicode char U+00B8 (decimal 184)
   defining Unicode char U+00BF (decimal 191)
   defining Unicode char U+00C5 (decimal 197)
   defining Unicode char U+00C6 (decimal 198)
   defining Unicode char U+00D8 (decimal 216)
   defining Unicode char U+00DF (decimal 223)
   defining Unicode char U+00E6 (decimal 230)
   defining Unicode char U+00EC (decimal 236)
   defining Unicode char U+00ED (decimal 237)
   defining Unicode char U+00EE (decimal 238)
   defining Unicode char U+00EF (decimal 239)
   defining Unicode char U+00F8 (decimal 248)
   defining Unicode char U+0131 (decimal 305)
   defining Unicode char U+0141 (decimal 321)
   defining Unicode char U+0142 (decimal 322)
   defining Unicode char U+0152 (decimal 338)
   defining Unicode char U+0153 (decimal 339)
   defining Unicode char U+0174 (decimal 372)
   defining Unicode char U+0175 (decimal 373)
   defining Unicode char U+0176 (decimal 374)
   defining Unicode char U+0177 (decimal 375)
   defining Unicode char U+0218 (decimal 536)
   defining Unicode char U+0219 (decimal 537)
   defining Unicode char U+021A (decimal 538)
   defining Unicode char U+021B (decimal 539)
   defining Unicode char U+2013 (decimal 8211)
   defining Unicode char U+2014 (decimal 8212)
   defining Unicode char U+2018 (decimal 8216)
   defining Unicode char U+2019 (decimal 8217)
   defining Unicode char U+201C (decimal 8220)
   defining Unicode char U+201D (decimal 8221)
)
Now handling font encoding OMS ...
... processing UTF-8 mapping file for font encoding OMS
("C:\Users\María\AppData\Local\Programs\MiKTeX 2.9\tex\latex\base\omsenc.dfu"
File: omsenc.dfu 2017/01/28 v1.1t UTF-8 support for inputenc
   defining Unicode char U+00A7 (decimal 167)
   defining Unicode char U+00B6 (decimal 182)
   defining Unicode char U+00B7 (decimal 183)
   defining Unicode char U+2020 (decimal 8224)
   defining Unicode char U+2021 (decimal 8225)
   defining Unicode char U+2022 (decimal 8226)
)
Now handling font encoding OMX ...
... no UTF-8 mapping file for font encoding OMX
Now handling font encoding U ...
... no UTF-8 mapping file for font encoding U
   defining Unicode char U+00A9 (decimal 169)
   defining Unicode char U+00AA (decimal 170)
   defining Unicode char U+00AE (decimal 174)
   defining Unicode char U+00BA (decimal 186)
   defining Unicode char U+02C6 (decimal 710)
   defining Unicode char U+02DC (decimal 732)
   defining Unicode char U+200C (decimal 8204)
   defining Unicode char U+2026 (decimal 8230)
   defining Unicode char U+2122 (decimal 8482)
   defining Unicode char U+2423 (decimal 9251)
))
("C:\Users\María\AppData\Local\Programs\MiKTeX 2.9\tex\latex\hyperref\hyperref
.sty"
Package: hyperref 2018/02/06 v6.86b Hypertext links for LaTeX

("C:\Users\María\AppData\Local\Programs\MiKTeX 2.9\tex\generic\oberdiek\hobsub
-hyperref.sty"
Package: hobsub-hyperref 2016/05/16 v1.14 Bundle oberdiek, subset hyperref (HO)


("C:\Users\María\AppData\Local\Programs\MiKTeX 2.9\tex\generic\oberdiek\hobsub
-generic.sty"
Package: hobsub-generic 2016/05/16 v1.14 Bundle oberdiek, subset generic (HO)
Package: hobsub 2016/05/16 v1.14 Construct package bundles (HO)
Package: infwarerr 2016/05/16 v1.4 Providing info/warning/error messages (HO)
Package: ltxcmds 2016/05/16 v1.23 LaTeX kernel commands for general use (HO)
Package: ifluatex 2016/05/16 v1.4 Provides the ifluatex switch (HO)
Package ifluatex Info: LuaTeX not detected.
Package: ifvtex 2016/05/16 v1.6 Detect VTeX and its facilities (HO)
Package ifvtex Info: VTeX not detected.
Package: intcalc 2016/05/16 v1.2 Expandable calculations with integers (HO)
Package: ifpdf 2017/03/15 v3.2 Provides the ifpdf switch
Package: etexcmds 2016/05/16 v1.6 Avoid name clashes with e-TeX commands (HO)
Package etexcmds Info: Could not find \expanded.
(etexcmds)             That can mean that you are not using pdfTeX 1.50 or
(etexcmds)             that some package has redefined \expanded.
(etexcmds)             In the latter case, load this package earlier.
Package: kvsetkeys 2016/05/16 v1.17 Key value parser (HO)
Package: kvdefinekeys 2016/05/16 v1.4 Define keys (HO)
Package: pdftexcmds 2018/01/21 v0.26 Utility functions of pdfTeX for LuaTeX (HO
)
Package pdftexcmds Info: LuaTeX not detected.
Package pdftexcmds Info: \pdf@primitive is available.
Package pdftexcmds Info: \pdf@ifprimitive is available.
Package pdftexcmds Info: \pdfdraftmode found.
Package: pdfescape 2016/05/16 v1.14 Implements pdfTeX's escape features (HO)
Package: bigintcalc 2016/05/16 v1.4 Expandable calculations on big integers (HO
)
Package: bitset 2016/05/16 v1.2 Handle bit-vector datatype (HO)
Package: uniquecounter 2016/05/16 v1.3 Provide unlimited unique counter (HO)
)
Package hobsub Info: Skipping package `hobsub' (already loaded).
Package: letltxmacro 2016/05/16 v1.5 Let assignment for LaTeX macros (HO)
Package: hopatch 2016/05/16 v1.3 Wrapper for package hooks (HO)
Package: xcolor-patch 2016/05/16 xcolor patch
Package: atveryend 2016/05/16 v1.9 Hooks at the very end of document (HO)
Package atveryend Info: \enddocument detected (standard20110627).
Package: atbegshi 2016/06/09 v1.18 At begin shipout hook (HO)
Package: refcount 2016/05/16 v3.5 Data extraction from label references (HO)
Package: hycolor 2016/05/16 v1.8 Color options for hyperref/bookmark (HO)
)
("C:\Users\María\AppData\Local\Programs\MiKTeX 2.9\tex\latex\graphics\keyval.s
ty"
Package: keyval 2014/10/28 v1.15 key=value parser (DPC)
\KV@toks@=\toks17
)
("C:\Users\María\AppData\Local\Programs\MiKTeX 2.9\tex\generic\ifxetex\ifxetex
.sty"
Package: ifxetex 2010/09/12 v0.6 Provides ifxetex conditional
)
("C:\Users\María\AppData\Local\Programs\MiKTeX 2.9\tex\latex\oberdiek\auxhook.
sty"
Package: auxhook 2016/05/16 v1.4 Hooks for auxiliary files (HO)
)
("C:\Users\María\AppData\Local\Programs\MiKTeX 2.9\tex\latex\oberdiek\kvoption
s.sty"
Package: kvoptions 2016/05/16 v3.12 Key value format for package options (HO)
)
\@linkdim=\dimen104
\Hy@linkcounter=\count90
\Hy@pagecounter=\count91

("C:\Users\María\AppData\Local\Programs\MiKTeX 2.9\tex\latex\hyperref\pd1enc.d
ef"
File: pd1enc.def 2018/02/06 v6.86b Hyperref: PDFDocEncoding definition (HO)
Now handling font encoding PD1 ...
... no UTF-8 mapping file for font encoding PD1
)
\Hy@SavedSpaceFactor=\count92

("C:\Users\María\AppData\Local\Programs\MiKTeX 2.9\tex\latex\00miktex\hyperref
.cfg"
File: hyperref.cfg 2002/06/06 v1.2 hyperref configuration of TeXLive
)
Package hyperref Info: Hyper figures OFF on input line 4509.
Package hyperref Info: Link nesting OFF on input line 4514.
Package hyperref Info: Hyper index ON on input line 4517.
Package hyperref Info: Plain pages OFF on input line 4524.
Package hyperref Info: Backreferencing OFF on input line 4529.
Package hyperref Info: Implicit mode ON; LaTeX internals redefined.
Package hyperref Info: Bookmarks ON on input line 4762.
\c@Hy@tempcnt=\count93
 ("C:\Users\María\AppData\Local\Programs\MiKTeX 2.9\tex\latex\url\url.sty"
\Urlmuskip=\muskip10
Package: url 2013/09/16  ver 3.4  Verb mode for urls, etc.
)
LaTeX Info: Redefining \url on input line 5115.
\XeTeXLinkMargin=\dimen105
\Fld@menulength=\count94
\Field@Width=\dimen106
\Fld@charsize=\dimen107
Package hyperref Info: Hyper figures OFF on input line 6369.
Package hyperref Info: Link nesting OFF on input line 6374.
Package hyperref Info: Hyper index ON on input line 6377.
Package hyperref Info: backreferencing OFF on input line 6384.
Package hyperref Info: Link coloring OFF on input line 6389.
Package hyperref Info: Link coloring with OCG OFF on input line 6394.
Package hyperref Info: PDF/A mode OFF on input line 6399.
LaTeX Info: Redefining \ref on input line 6439.
LaTeX Info: Redefining \pageref on input line 6443.
\Hy@abspage=\count95
\c@Item=\count96
\c@Hfootnote=\count97
)
Package hyperref Info: Driver (autodetected): hpdftex.

("C:\Users\María\AppData\Local\Programs\MiKTeX 2.9\tex\latex\hyperref\hpdftex.
def"
File: hpdftex.def 2018/02/06 v6.86b Hyperref driver for pdfTeX
\Fld@listcount=\count98
\c@bookmark@seq@number=\count99

("C:\Users\María\AppData\Local\Programs\MiKTeX 2.9\tex\latex\oberdiek\rerunfil
echeck.sty"
Package: rerunfilecheck 2016/05/16 v1.8 Rerun checks for auxiliary files (HO)
Package uniquecounter Info: New unique counter `rerunfilecheck' on input line 2
82.
)
\Hy@SectionHShift=\skip43
)
("C:\Users\María\AppData\Local\Programs\MiKTeX 2.9\tex\latex\graphics\graphicx
.sty"
Package: graphicx 2017/06/01 v1.1a Enhanced LaTeX Graphics (DPC,SPQR)

("C:\Users\María\AppData\Local\Programs\MiKTeX 2.9\tex\latex\graphics\graphics
.sty"
Package: graphics 2017/06/25 v1.2c Standard LaTeX Graphics (DPC,SPQR)

("C:\Users\María\AppData\Local\Programs\MiKTeX 2.9\tex\latex\graphics\trig.sty
"
Package: trig 2016/01/03 v1.10 sin cos tan (DPC)
)
("C:\Users\María\AppData\Local\Programs\MiKTeX 2.9\tex\latex\graphics-cfg\grap
hics.cfg"
File: graphics.cfg 2016/06/04 v1.11 sample graphics configuration
)
Package graphics Info: Driver file: pdftex.def on input line 99.

("C:\Users\María\AppData\Local\Programs\MiKTeX 2.9\tex\latex\graphics-def\pdft
ex.def"
File: pdftex.def 2018/01/08 v1.0l Graphics/color driver for pdftex
))
\Gin@req@height=\dimen108
\Gin@req@width=\dimen109
)
("C:\Users\María\AppData\Local\Programs\MiKTeX 2.9\tex\latex\caption\caption.s
ty"
Package: caption 2018/10/06 v3.3-154 Customizing captions (AR)

("C:\Users\María\AppData\Local\Programs\MiKTeX 2.9\tex\latex\caption\caption3.
sty"
Package: caption3 2018/09/12 v1.8c caption3 kernel (AR)
Package caption3 Info: TeX engine: e-TeX on input line 64.
\captionmargin=\dimen110
\captionmargin@=\dimen111
\captionwidth=\dimen112
\caption@tempdima=\dimen113
\caption@indent=\dimen114
\caption@parindent=\dimen115
\caption@hangindent=\dimen116
)
\c@caption@flags=\count100
\c@ContinuedFloat=\count101
Package caption Info: hyperref package is loaded.
)
("C:\Users\María\AppData\Local\Programs\MiKTeX 2.9\tex\latex\caption\subcaptio
n.sty"
Package: subcaption 2018/05/01 v1.1-162 Sub-captions (AR)
\c@subfigure=\count102
\c@subtable=\count103
)
("C:\Users\María\AppData\Local\Programs\MiKTeX 2.9\tex\latex\titling\titling.s
ty"
Package: titling 2009/09/04 v2.1d maketitle typesetting
\thanksmarkwidth=\skip44
\thanksmargin=\skip45
\droptitle=\skip46
) (M6_Pozo_Montoro_Maria.aux
LaTeX Info: Redefining \. on input line 23.
LaTeX Info: Redefining \% on input line 23.
)
\openout1 = `M6_Pozo_Montoro_Maria.aux'.

LaTeX Font Info:    Checking defaults for OML/cmm/m/it on input line 24.
LaTeX Font Info:    ... okay on input line 24.
LaTeX Font Info:    Checking defaults for T1/cmr/m/n on input line 24.
LaTeX Font Info:    ... okay on input line 24.
LaTeX Font Info:    Checking defaults for OT1/cmr/m/n on input line 24.
LaTeX Font Info:    ... okay on input line 24.
LaTeX Font Info:    Checking defaults for OMS/cmsy/m/n on input line 24.
LaTeX Font Info:    ... okay on input line 24.
LaTeX Font Info:    Checking defaults for OMX/cmex/m/n on input line 24.
LaTeX Font Info:    ... okay on input line 24.
LaTeX Font Info:    Checking defaults for U/cmr/m/n on input line 24.
LaTeX Font Info:    ... okay on input line 24.
LaTeX Font Info:    Checking defaults for PD1/pdf/m/n on input line 24.
LaTeX Font Info:    ... okay on input line 24.
LaTeX Info: Redefining \. on input line 24.
LaTeX Info: Redefining \% on input line 24.
\AtBeginShipoutBox=\box26
Package hyperref Info: Link coloring OFF on input line 24.

("C:\Users\María\AppData\Local\Programs\MiKTeX 2.9\tex\latex\hyperref\nameref.
sty"
Package: nameref 2016/05/21 v2.44 Cross-referencing by name of section

("C:\Users\María\AppData\Local\Programs\MiKTeX 2.9\tex\generic\oberdiek\gettit
lestring.sty"
Package: gettitlestring 2016/05/16 v1.5 Cleanup title references (HO)
)
\c@section@level=\count104
)
LaTeX Info: Redefining \ref on input line 24.
LaTeX Info: Redefining \pageref on input line 24.
LaTeX Info: Redefining \nameref on input line 24.
 (M6_Pozo_Montoro_Maria.out) (M6_Pozo_Montoro_Maria.out)
\@outlinefile=\write3
\openout3 = `M6_Pozo_Montoro_Maria.out'.


("C:\Users\María\AppData\Local\Programs\MiKTeX 2.9\tex\context\base\supp-pdf.m
kii"
[Loading MPS to PDF converter (version 2006.09.02).]
\scratchcounter=\count105
\scratchdimen=\dimen117
\scratchbox=\box27
\nofMPsegments=\count106
\nofMParguments=\count107
\everyMPshowfont=\toks18
\MPscratchCnt=\count108
\MPscratchDim=\dimen118
\MPnumerator=\count109
\makeMPintoPDFobject=\count110
\everyMPtoPDFconversion=\toks19
)
("C:\Users\María\AppData\Local\Programs\MiKTeX 2.9\tex\latex\oberdiek\epstopdf
-base.sty"
Package: epstopdf-base 2016/05/15 v2.6 Base part for package epstopdf

("C:\Users\María\AppData\Local\Programs\MiKTeX 2.9\tex\latex\oberdiek\grfext.s
ty"
Package: grfext 2016/05/16 v1.2 Manage graphics extensions (HO)
)
Package epstopdf-base Info: Redefining graphics rule for `.eps' on input line 4
38.
Package grfext Info: Graphics extension search list:
(grfext)             [.pdf,.png,.jpg,.mps,.jpeg,.jbig2,.jb2,.PDF,.PNG,.JPG,.JPE
G,.JBIG2,.JB2,.eps]
(grfext)             \AppendGraphicsExtensions on input line 456.
)
Package caption Info: Begin \AtBeginDocument code.
Package caption Info: End \AtBeginDocument code.
LaTeX Font Info:    External font `cmex10' loaded for size
(Font)              <12> on input line 26.
LaTeX Font Info:    External font `cmex10' loaded for size
(Font)              <8> on input line 26.
LaTeX Font Info:    External font `cmex10' loaded for size
(Font)              <6> on input line 26.
Package babel Info: Redefining spanish shorthand <<
(babel)             in language append on input line 27.
Package babel Info: Redefining spanish shorthand >>
(babel)             in language append on input line 27.
Package babel Info: Redefining spanish shorthand "=
(babel)             in language append on input line 27.
Package babel Info: Redefining spanish shorthand "~
(babel)             in language append on input line 27.
Package babel Info: Redefining spanish shorthand "!
(babel)             in language append on input line 27.
Package babel Info: Redefining spanish shorthand "?
(babel)             in language append on input line 27.
Package babel Info: Redefining spanish shorthand <<
(babel)             in language append on input line 27.
Package babel Info: Redefining spanish shorthand >>
(babel)             in language append on input line 27.
Package babel Info: Redefining spanish shorthand "=
(babel)             in language append on input line 27.
Package babel Info: Redefining spanish shorthand "~
(babel)             in language append on input line 27.
Package babel Info: Redefining spanish shorthand "!
(babel)             in language append on input line 27.
Package babel Info: Redefining spanish shorthand "?
(babel)             in language append on input line 27.
 [1

{C:/Users/María/AppData/Local/MiKTeX/2.9/pdftex/config/pdftex.map}]
LaTeX Font Info:    External font `cmex10' loaded for size
(Font)              <7> on input line 30.
LaTeX Font Info:    External font `cmex10' loaded for size
(Font)              <5> on input line 30.

Underfull \hbox (badness 10000) in paragraph at lines 30--32

 []


Underfull \hbox (badness 10000) in paragraph at lines 30--32

 []


Underfull \hbox (badness 10000) in paragraph at lines 30--32

 []


Underfull \hbox (badness 10000) in paragraph at lines 33--34

 []


Underfull \hbox (badness 10000) in paragraph at lines 33--34

 []

Package babel Info: Redefining spanish shorthand <<
(babel)             in language append on input line 37.
Package babel Info: Redefining spanish shorthand >>
(babel)             in language append on input line 37.
Package babel Info: Redefining spanish shorthand "=
(babel)             in language append on input line 37.
Package babel Info: Redefining spanish shorthand "~
(babel)             in language append on input line 37.
Package babel Info: Redefining spanish shorthand "!
(babel)             in language append on input line 37.
Package babel Info: Redefining spanish shorthand "?
(babel)             in language append on input line 37.
Package babel Info: Redefining spanish shorthand <<
(babel)             in language append on input line 37.
Package babel Info: Redefining spanish shorthand >>
(babel)             in language append on input line 37.
Package babel Info: Redefining spanish shorthand "=
(babel)             in language append on input line 37.
Package babel Info: Redefining spanish shorthand "~
(babel)             in language append on input line 37.
Package babel Info: Redefining spanish shorthand "!
(babel)             in language append on input line 37.
Package babel Info: Redefining spanish shorthand "?
(babel)             in language append on input line 37.
[2]
Package babel Info: Redefining spanish shorthand <<
(babel)             in language append on input line 40.
Package babel Info: Redefining spanish shorthand >>
(babel)             in language append on input line 40.
Package babel Info: Redefining spanish shorthand "=
(babel)             in language append on input line 40.
Package babel Info: Redefining spanish shorthand "~
(babel)             in language append on input line 40.
Package babel Info: Redefining spanish shorthand "!
(babel)             in language append on input line 40.
Package babel Info: Redefining spanish shorthand "?
(babel)             in language append on input line 40.

! Misplaced alignment tab character &.
l.41 ...iburones y 630 de rayas (Elbert, Fowler, &
                                                   Compagno, 2013). El gran ...
I can't figure out why you would want to use a tab mark
here. If you just want an ampersand, the remedy is
simple: Just type `I\&' now. But if some right brace
up above has ended a previous alignment prematurely,
you're probably due for more error messages, and you
might try typing `S' now just to see what is salvageable.

! Misplaced alignment tab character &.
l.41 ...harhinus amblyrhynchos (Wetherbee, Crow, &
                                                   Lowe, 1997) hasta el árt...
I can't figure out why you would want to use a tab mark
here. If you just want an ampersand, the remedy is
simple: Just type `I\&' now. But if some right brace
up above has ended a previous alignment prematurely,
you're probably due for more error messages, and you
might try typing `S' now just to see what is salvageable.

! Misplaced alignment tab character &.
l.41 ...d como Centroscymnus coelolepis (Stevens &
                                                   Correia, 2003). Algunas e...
I can't figure out why you would want to use a tab mark
here. If you just want an ampersand, the remedy is
simple: Just type `I\&' now. But if some right brace
up above has ended a previous alignment prematurely,
you're probably due for more error messages, and you
might try typing `S' now just to see what is salvageable.

! Misplaced alignment tab character &.
l.41 ...Potamotrygon spp. o Glyphis spp. (Martin &
                                                   Mackinlay, 2004).
I can't figure out why you would want to use a tab mark
here. If you just want an ampersand, the remedy is
simple: Just type `I\&' now. But if some right brace
up above has ended a previous alignment prematurely,
you're probably due for more error messages, and you
might try typing `S' now just to see what is salvageable.

! Misplaced alignment tab character &.
l.42 ... ser depredados (Heithaus, 2004; Ritchie &
                                                   Johnson, 2009). En la act...
I can't figure out why you would want to use a tab mark
here. If you just want an ampersand, the remedy is
simple: Just type `I\&' now. But if some right brace
up above has ended a previous alignment prematurely,
you're probably due for more error messages, and you
might try typing `S' now just to see what is salvageable.

! Misplaced alignment tab character &.
l.42 ... (Baum et al., 2003; Bascompte, Melián, &
                                                   Sala, 2005). Así mismo, ...
I can't figure out why you would want to use a tab mark
here. If you just want an ampersand, the remedy is
simple: Just type `I\&' now. But if some right brace
up above has ended a previous alignment prematurely,
you're probably due for more error messages, and you
might try typing `S' now just to see what is salvageable.

! Misplaced alignment tab character &.
l.42 ...otros depredadores apicales (Friedlander &
                                                   DeMartini, 2002; Bradley ...
I can't figure out why you would want to use a tab mark
here. If you just want an ampersand, the remedy is
simple: Just type `I\&' now. But if some right brace
up above has ended a previous alignment prematurely,
you're probably due for more error messages, and you
might try typing `S' now just to see what is salvageable.

! Misplaced alignment tab character &.
l.45 ... niveles tróficos intermedios (Jacobsen &
                                                   Bennett, 2013; Frisch et ...
I can't figure out why you would want to use a tab mark
here. If you just want an ampersand, the remedy is
simple: Just type `I\&' now. But if some right brace
up above has ended a previous alignment prematurely,
you're probably due for more error messages, and you
might try typing `S' now just to see what is salvageable.

! Misplaced alignment tab character &.
l.47 ...de la pesca de elasmobranquios (Shiffman &
                                                   Hammerschlag, 2016). Con ...
I can't figure out why you would want to use a tab mark
here. If you just want an ampersand, the remedy is
simple: Just type `I\&' now. But if some right brace
up above has ended a previous alignment prematurely,
you're probably due for more error messages, and you
might try typing `S' now just to see what is salvageable.

! Misplaced alignment tab character &.
l.47 ... 2012; Juhel et al., 2018; Speed, Cappo, &
                                                   Meekan, 2018). Sin embarg...
I can't figure out why you would want to use a tab mark
here. If you just want an ampersand, the remedy is
simple: Just type `I\&' now. But if some right brace
up above has ended a previous alignment prematurely,
you're probably due for more error messages, and you
might try typing `S' now just to see what is salvageable.

! Misplaced alignment tab character &.
l.47 ...intos estadios de vida (Schlaff, Heupel, &
                                                   Simpfendorfer, 2014).
I can't figure out why you would want to use a tab mark
here. If you just want an ampersand, the remedy is
simple: Just type `I\&' now. But if some right brace
up above has ended a previous alignment prematurely,
you're probably due for more error messages, and you
might try typing `S' now just to see what is salvageable.

! Misplaced alignment tab character &.
l.48 ...bles en tiburones y rayas (Knip, Heupel, &
                                                   Simpfendorfer, 2010; Heup...
I can't figure out why you would want to use a tab mark
here. If you just want an ampersand, the remedy is
simple: Just type `I\&' now. But if some right brace
up above has ended a previous alignment prematurely,
you're probably due for more error messages, and you
might try typing `S' now just to see what is salvageable.

! Misplaced alignment tab character &.
l.48 ...p, Heupel, & Simpfendorfer, 2010; Heupel &
                                                   Simpfendorfer, 2014). Sin...
I can't figure out why you would want to use a tab mark
here. If you just want an ampersand, the remedy is
simple: Just type `I\&' now. But if some right brace
up above has ended a previous alignment prematurely,
you're probably due for more error messages, and you
might try typing `S' now just to see what is salvageable.

! Misplaced alignment tab character &.
l.49 ...sociados más fuertes (Fulton, Bellwood, &
                                                   Wainwright, 2005). Estudi...
I can't figure out why you would want to use a tab mark
here. If you just want an ampersand, the remedy is
simple: Just type `I\&' now. But if some right brace
up above has ended a previous alignment prematurely,
you're probably due for more error messages, and you
might try typing `S' now just to see what is salvageable.

! Misplaced alignment tab character &.
l.49 ...aje se ve disminuida (Dominici-Arosemena &
                                                   Wolff, 2005; Fulton & Bel...
I can't figure out why you would want to use a tab mark
here. If you just want an ampersand, the remedy is
simple: Just type `I\&' now. But if some right brace
up above has ended a previous alignment prematurely,
you're probably due for more error messages, and you
might try typing `S' now just to see what is salvageable.

! Misplaced alignment tab character &.
l.49 ...Dominici-Arosemena & Wolff, 2005; Fulton &
                                                   Bellwood, 2005). Por otro...
I can't figure out why you would want to use a tab mark
here. If you just want an ampersand, the remedy is
simple: Just type `I\&' now. But if some right brace
up above has ended a previous alignment prematurely,
you're probably due for more error messages, and you
might try typing `S' now just to see what is salvageable.

! Misplaced alignment tab character &.
l.49 ...cida por el oleaje (Hubbard, 1988; Hongo &
                                                   Kayanne, 2009; Burt et al...
I can't figure out why you would want to use a tab mark
here. If you just want an ampersand, the remedy is
simple: Just type `I\&' now. But if some right brace
up above has ended a previous alignment prematurely,
you're probably due for more error messages, and you
might try typing `S' now just to see what is salvageable.

! Misplaced alignment tab character &.
l.50 ...es de elasmobranquios (Carlson, Goldman, &
                                                   Lowe, 2004), no somos con...
I can't figure out why you would want to use a tab mark
here. If you just want an ampersand, the remedy is
simple: Just type `I\&' now. But if some right brace
up above has ended a previous alignment prematurely,
you're probably due for more error messages, and you
might try typing `S' now just to see what is salvageable.

! Misplaced alignment tab character &.
l.50 ...tch et al., 2005; Heupel, Simpfendorfer, &
                                                   Fitzpatrick, 2010; Rizzar...
I can't figure out why you would want to use a tab mark
here. If you just want an ampersand, the remedy is
simple: Just type `I\&' now. But if some right brace
up above has ended a previous alignment prematurely,
you're probably due for more error messages, and you
might try typing `S' now just to see what is salvageable.

! Misplaced alignment tab character &.
l.50 ...r, & Fitzpatrick, 2010; Rizzari, Frisch, &
                                                   Magnenat, 2014; Tickler e...
I can't figure out why you would want to use a tab mark
here. If you just want an ampersand, the remedy is
simple: Just type `I\&' now. But if some right brace
up above has ended a previous alignment prematurely,
you're probably due for more error messages, and you
might try typing `S' now just to see what is salvageable.

! Misplaced alignment tab character &.
l.51 ...humanas (Sydeman et al., 2014; Takahashi &
                                                   Watanabe, 2016). Así mis...
I can't figure out why you would want to use a tab mark
here. If you just want an ampersand, the remedy is
simple: Just type `I\&' now. But if some right brace
up above has ended a previous alignment prematurely,
you're probably due for more error messages, and you
might try typing `S' now just to see what is salvageable.

Package babel Info: Redefining spanish shorthand <<
(babel)             in language append on input line 52.
Package babel Info: Redefining spanish shorthand >>
(babel)             in language append on input line 52.
Package babel Info: Redefining spanish shorthand "=
(babel)             in language append on input line 52.
Package babel Info: Redefining spanish shorthand "~
(babel)             in language append on input line 52.
Package babel Info: Redefining spanish shorthand "!
(babel)             in language append on input line 52.
Package babel Info: Redefining spanish shorthand "?
(babel)             in language append on input line 52.
Package babel Info: Redefining spanish shorthand <<
(babel)             in language append on input line 52.
Package babel Info: Redefining spanish shorthand >>
(babel)             in language append on input line 52.
Package babel Info: Redefining spanish shorthand "=
(babel)             in language append on input line 52.
Package babel Info: Redefining spanish shorthand "~
(babel)             in language append on input line 52.
Package babel Info: Redefining spanish shorthand "!
(babel)             in language append on input line 52.
Package babel Info: Redefining spanish shorthand "?
(babel)             in language append on input line 52.
[3]
Package babel Info: Redefining spanish shorthand <<
(babel)             in language append on input line 52.
Package babel Info: Redefining spanish shorthand >>
(babel)             in language append on input line 52.
Package babel Info: Redefining spanish shorthand "=
(babel)             in language append on input line 52.
Package babel Info: Redefining spanish shorthand "~
(babel)             in language append on input line 52.
Package babel Info: Redefining spanish shorthand "!
(babel)             in language append on input line 52.
Package babel Info: Redefining spanish shorthand "?
(babel)             in language append on input line 52.
Package babel Info: Redefining spanish shorthand <<
(babel)             in language append on input line 52.
Package babel Info: Redefining spanish shorthand >>
(babel)             in language append on input line 52.
Package babel Info: Redefining spanish shorthand "=
(babel)             in language append on input line 52.
Package babel Info: Redefining spanish shorthand "~
(babel)             in language append on input line 52.
Package babel Info: Redefining spanish shorthand "!
(babel)             in language append on input line 52.
Package babel Info: Redefining spanish shorthand "?
(babel)             in language append on input line 52.
 [4]
Package babel Info: Redefining spanish shorthand <<
(babel)             in language append on input line 52.
Package babel Info: Redefining spanish shorthand >>
(babel)             in language append on input line 52.
Package babel Info: Redefining spanish shorthand "=
(babel)             in language append on input line 52.
Package babel Info: Redefining spanish shorthand "~
(babel)             in language append on input line 52.
Package babel Info: Redefining spanish shorthand "!
(babel)             in language append on input line 52.
Package babel Info: Redefining spanish shorthand "?
(babel)             in language append on input line 52.
Package babel Info: Redefining spanish shorthand <<
(babel)             in language append on input line 52.
Package babel Info: Redefining spanish shorthand >>
(babel)             in language append on input line 52.
Package babel Info: Redefining spanish shorthand "=
(babel)             in language append on input line 52.
Package babel Info: Redefining spanish shorthand "~
(babel)             in language append on input line 52.
Package babel Info: Redefining spanish shorthand "!
(babel)             in language append on input line 52.
Package babel Info: Redefining spanish shorthand "?
(babel)             in language append on input line 52.
 [5]
Package babel Info: Redefining spanish shorthand <<
(babel)             in language append on input line 57.
Package babel Info: Redefining spanish shorthand >>
(babel)             in language append on input line 57.
Package babel Info: Redefining spanish shorthand "=
(babel)             in language append on input line 57.
Package babel Info: Redefining spanish shorthand "~
(babel)             in language append on input line 57.
Package babel Info: Redefining spanish shorthand "!
(babel)             in language append on input line 57.
Package babel Info: Redefining spanish shorthand "?
(babel)             in language append on input line 57.
Package babel Info: Redefining spanish shorthand <<
(babel)             in language append on input line 59.
Package babel Info: Redefining spanish shorthand >>
(babel)             in language append on input line 59.
Package babel Info: Redefining spanish shorthand "=
(babel)             in language append on input line 59.
Package babel Info: Redefining spanish shorthand "~
(babel)             in language append on input line 59.
Package babel Info: Redefining spanish shorthand "!
(babel)             in language append on input line 59.
Package babel Info: Redefining spanish shorthand "?
(babel)             in language append on input line 59.
<Mapa_Nueva_Caledonia.png, id=70, 225.351pt x 127.1295pt>
File: Mapa_Nueva_Caledonia.png Graphic file (type png)
<use Mapa_Nueva_Caledonia.png>
Package pdftex.def Info: Mapa_Nueva_Caledonia.png  used on input line 63.
(pdftex.def)             Requested size: 180.0pt x 101.5466pt.
<Mapa_area_de_muestreo.jpg, id=71, 226.3365pt x 126.4725pt>
File: Mapa_area_de_muestreo.jpg Graphic file (type jpg)
<use Mapa_area_de_muestreo.jpg>
Package pdftex.def Info: Mapa_area_de_muestreo.jpg  used on input line 68.
(pdftex.def)             Requested size: 180.0pt x 100.58374pt.

Overfull \hbox (2.43333pt too wide) in paragraph at lines 62--72
[][] [] 
 []

LaTeX Font Info:    External font `cmex10' loaded for size
(Font)              <10.95> on input line 76.

! Package inputenc Error: Unicode char ° (U+B0)
(inputenc)                not set up for use with LaTeX.

See the inputenc package documentation for explanation.
Type  H <return>  for immediate help.
 ...                                              
                                                  
l.76 ...iva de estas especies en 2013 (decreto n°
                                                  2013-1007/GNC) proporciona...

Your command was ignored.
Type  I <command> <return>  to replace it with another command,
or  <return>  to continue without it.

! Misplaced alignment tab character &.
l.77 ...rculación de Walker (Ouillon, Douillet, &
                                                   Andréfouët, 2004; Xiang...
I can't figure out why you would want to use a tab mark
here. If you just want an ampersand, the remedy is
simple: Just type `I\&' now. But if some right brace
up above has ended a previous alignment prematurely,
you're probably due for more error messages, and you
might try typing `S' now just to see what is salvageable.

! Misplaced alignment tab character &.
l.77 ...Corriente de Nueva Caledonia Sur (Hénin &
                                                   Cresswell, 2005). La temp...
I can't figure out why you would want to use a tab mark
here. If you just want an ampersand, the remedy is
simple: Just type `I\&' now. But if some right brace
up above has ended a previous alignment prematurely,
you're probably due for more error messages, and you
might try typing `S' now just to see what is salvageable.

! Misplaced alignment tab character &.
l.77 ...a lo largo del año (Vega, Marchesiello, &
                                                   Lefèvre, 2006). Durante ...
I can't figure out why you would want to use a tab mark
here. If you just want an ampersand, the remedy is
simple: Just type `I\&' now. But if some right brace
up above has ended a previous alignment prematurely,
you're probably due for more error messages, and you
might try typing `S' now just to see what is salvageable.


! Package inputenc Error: Unicode char ± (U+B1)
(inputenc)                not set up for use with LaTeX.

See the inputenc package documentation for explanation.
Type  H <return>  for immediate help.
 ...                                              
                                                  
l.77 ...s distintas zonas con una media de 24,5 ±
                                                   0,5 ºC.
Your command was ignored.
Type  I <command> <return>  to replace it with another command,
or  <return>  to continue without it.

Package babel Info: Redefining spanish shorthand <<
(babel)             in language append on input line 78.
Package babel Info: Redefining spanish shorthand >>
(babel)             in language append on input line 78.
Package babel Info: Redefining spanish shorthand "=
(babel)             in language append on input line 78.
Package babel Info: Redefining spanish shorthand "~
(babel)             in language append on input line 78.
Package babel Info: Redefining spanish shorthand "!
(babel)             in language append on input line 78.
Package babel Info: Redefining spanish shorthand "?
(babel)             in language append on input line 78.
Package babel Info: Redefining spanish shorthand <<
(babel)             in language append on input line 78.
Package babel Info: Redefining spanish shorthand >>
(babel)             in language append on input line 78.
Package babel Info: Redefining spanish shorthand "=
(babel)             in language append on input line 78.
Package babel Info: Redefining spanish shorthand "~
(babel)             in language append on input line 78.
Package babel Info: Redefining spanish shorthand "!
(babel)             in language append on input line 78.
Package babel Info: Redefining spanish shorthand "?
(babel)             in language append on input line 78.
[6 <./Mapa_Nueva_Caledonia.png> <./Mapa_area_de_muestreo.jpg>]
Package babel Info: Redefining spanish shorthand <<
(babel)             in language append on input line 79.
Package babel Info: Redefining spanish shorthand >>
(babel)             in language append on input line 79.
Package babel Info: Redefining spanish shorthand "=
(babel)             in language append on input line 79.
Package babel Info: Redefining spanish shorthand "~
(babel)             in language append on input line 79.
Package babel Info: Redefining spanish shorthand "!
(babel)             in language append on input line 79.
Package babel Info: Redefining spanish shorthand "?
(babel)             in language append on input line 79.
Package babel Info: Redefining spanish shorthand <<
(babel)             in language append on input line 82.
Package babel Info: Redefining spanish shorthand >>
(babel)             in language append on input line 82.
Package babel Info: Redefining spanish shorthand "=
(babel)             in language append on input line 82.
Package babel Info: Redefining spanish shorthand "~
(babel)             in language append on input line 82.
Package babel Info: Redefining spanish shorthand "!
(babel)             in language append on input line 82.
Package babel Info: Redefining spanish shorthand "?
(babel)             in language append on input line 82.

! Misplaced alignment tab character &.
l.83 ... de 1958 (Priam, 1964; Maillet, Monzier, &
                                                   Lefevre, 1986). La isla c...
I can't figure out why you would want to use a tab mark
here. If you just want an ampersand, the remedy is
simple: Just type `I\&' now. But if some right brace
up above has ended a previous alignment prematurely,
you're probably due for more error messages, and you
might try typing `S' now just to see what is salvageable.

! Misplaced alignment tab character &.
l.83 ...turbidez y las emisiones de gases (Roman &
                                                   Pelletier, 2014). Forma p...
I can't figure out why you would want to use a tab mark
here. If you just want an ampersand, the remedy is
simple: Just type `I\&' now. But if some right brace
up above has ended a previous alignment prematurely,
you're probably due for more error messages, and you
might try typing `S' now just to see what is salvageable.

Package babel Info: Redefining spanish shorthand <<
(babel)             in language append on input line 84.
Package babel Info: Redefining spanish shorthand >>
(babel)             in language append on input line 84.
Package babel Info: Redefining spanish shorthand "=
(babel)             in language append on input line 84.
Package babel Info: Redefining spanish shorthand "~
(babel)             in language append on input line 84.
Package babel Info: Redefining spanish shorthand "!
(babel)             in language append on input line 84.
Package babel Info: Redefining spanish shorthand "?
(babel)             in language append on input line 84.
Package babel Info: Redefining spanish shorthand <<
(babel)             in language append on input line 84.
Package babel Info: Redefining spanish shorthand >>
(babel)             in language append on input line 84.
Package babel Info: Redefining spanish shorthand "=
(babel)             in language append on input line 84.
Package babel Info: Redefining spanish shorthand "~
(babel)             in language append on input line 84.
Package babel Info: Redefining spanish shorthand "!
(babel)             in language append on input line 84.
Package babel Info: Redefining spanish shorthand "?
(babel)             in language append on input line 84.
[7]
Package babel Info: Redefining spanish shorthand <<
(babel)             in language append on input line 84.
Package babel Info: Redefining spanish shorthand >>
(babel)             in language append on input line 84.
Package babel Info: Redefining spanish shorthand "=
(babel)             in language append on input line 84.
Package babel Info: Redefining spanish shorthand "~
(babel)             in language append on input line 84.
Package babel Info: Redefining spanish shorthand "!
(babel)             in language append on input line 84.
Package babel Info: Redefining spanish shorthand "?
(babel)             in language append on input line 84.
Package babel Info: Redefining spanish shorthand <<
(babel)             in language append on input line 87.
Package babel Info: Redefining spanish shorthand >>
(babel)             in language append on input line 87.
Package babel Info: Redefining spanish shorthand "=
(babel)             in language append on input line 87.
Package babel Info: Redefining spanish shorthand "~
(babel)             in language append on input line 87.
Package babel Info: Redefining spanish shorthand "!
(babel)             in language append on input line 87.
Package babel Info: Redefining spanish shorthand "?
(babel)             in language append on input line 87.

! Misplaced alignment tab character &.
l.88 ...C e incrementan la productividad (Hénin &
                                                   Cresswell, 2005; Neveux e...
I can't figure out why you would want to use a tab mark
here. If you just want an ampersand, the remedy is
simple: Just type `I\&' now. But if some right brace
up above has ended a previous alignment prematurely,
you're probably due for more error messages, and you
might try typing `S' now just to see what is salvageable.

Package babel Info: Redefining spanish shorthand <<
(babel)             in language append on input line 90.
Package babel Info: Redefining spanish shorthand >>
(babel)             in language append on input line 90.
Package babel Info: Redefining spanish shorthand "=
(babel)             in language append on input line 90.
Package babel Info: Redefining spanish shorthand "~
(babel)             in language append on input line 90.
Package babel Info: Redefining spanish shorthand "!
(babel)             in language append on input line 90.
Package babel Info: Redefining spanish shorthand "?
(babel)             in language append on input line 90.
! Misplaced alignment tab character &.
l.91 ...oma de datos en campo (Ghazilou, Shokri, &
                                                   Gladstone, 2016).  Así m...
I can't figure out why you would want to use a tab mark
here. If you just want an ampersand, the remedy is
simple: Just type `I\&' now. But if some right brace
up above has ended a previous alignment prematurely,
you're probably due for more error messages, and you
might try typing `S' now just to see what is salvageable.

! Misplaced alignment tab character &.
l.91 ...e individuos para estas especies (Meekan &
                                                   Cappo, 2004; Brooks et al...
I can't figure out why you would want to use a tab mark
here. If you just want an ampersand, the remedy is
simple: Just type `I\&' now. But if some right brace
up above has ended a previous alignment prematurely,
you're probably due for more error messages, and you
might try typing `S' now just to see what is salvageable.

! Misplaced alignment tab character &.
l.94 ...cámara reiteradas veces (Cappo, Harvey, &
                                                   Shortis, 2006). La identi...
I can't figure out why you would want to use a tab mark
here. If you just want an ampersand, the remedy is
simple: Just type `I\&' now. But if some right brace
up above has ended a previous alignment prematurely,
you're probably due for more error messages, and you
might try typing `S' now just to see what is salvageable.

Package babel Info: Redefining spanish shorthand <<
(babel)             in language append on input line 110.
Package babel Info: Redefining spanish shorthand >>
(babel)             in language append on input line 110.
Package babel Info: Redefining spanish shorthand "=
(babel)             in language append on input line 110.
Package babel Info: Redefining spanish shorthand "~
(babel)             in language append on input line 110.
Package babel Info: Redefining spanish shorthand "!
(babel)             in language append on input line 110.
Package babel Info: Redefining spanish shorthand "?
(babel)             in language append on input line 110.
Package babel Info: Redefining spanish shorthand <<
(babel)             in language append on input line 110.
Package babel Info: Redefining spanish shorthand >>
(babel)             in language append on input line 110.
Package babel Info: Redefining spanish shorthand "=
(babel)             in language append on input line 110.
Package babel Info: Redefining spanish shorthand "~
(babel)             in language append on input line 110.
Package babel Info: Redefining spanish shorthand "!
(babel)             in language append on input line 110.
Package babel Info: Redefining spanish shorthand "?
(babel)             in language append on input line 110.
[8]
Package babel Info: Redefining spanish shorthand <<
(babel)             in language append on input line 110.
Package babel Info: Redefining spanish shorthand >>
(babel)             in language append on input line 110.
Package babel Info: Redefining spanish shorthand "=
(babel)             in language append on input line 110.
Package babel Info: Redefining spanish shorthand "~
(babel)             in language append on input line 110.
Package babel Info: Redefining spanish shorthand "!
(babel)             in language append on input line 110.
Package babel Info: Redefining spanish shorthand "?
(babel)             in language append on input line 110.
Package babel Info: Redefining spanish shorthand <<
(babel)             in language append on input line 110.
Package babel Info: Redefining spanish shorthand >>
(babel)             in language append on input line 110.
Package babel Info: Redefining spanish shorthand "=
(babel)             in language append on input line 110.
Package babel Info: Redefining spanish shorthand "~
(babel)             in language append on input line 110.
Package babel Info: Redefining spanish shorthand "!
(babel)             in language append on input line 110.
Package babel Info: Redefining spanish shorthand "?
(babel)             in language append on input line 110.
 [9]
Package babel Info: Redefining spanish shorthand <<
(babel)             in language append on input line 111.
Package babel Info: Redefining spanish shorthand >>
(babel)             in language append on input line 111.
Package babel Info: Redefining spanish shorthand "=
(babel)             in language append on input line 111.
Package babel Info: Redefining spanish shorthand "~
(babel)             in language append on input line 111.
Package babel Info: Redefining spanish shorthand "!
(babel)             in language append on input line 111.
Package babel Info: Redefining spanish shorthand "?
(babel)             in language append on input line 111.

! Misplaced alignment tab character &.
l.114 ...atos con distribución asimétrica (Yap &
                                                   Sim, 2011). Así mismo la...
I can't figure out why you would want to use a tab mark
here. If you just want an ampersand, the remedy is
simple: Just type `I\&' now. But if some right brace
up above has ended a previous alignment prematurely,
you're probably due for more error messages, and you
might try typing `S' now just to see what is salvageable.

! Misplaced alignment tab character &.
l.115 ... test Scheirer-Ray-Hare (Scheirer, Ray, &
                                                   Hare, 1976). Este test se...
I can't figure out why you would want to use a tab mark
here. If you just want an ampersand, the remedy is
simple: Just type `I\&' now. But if some right brace
up above has ended a previous alignment prematurely,
you're probably due for more error messages, and you
might try typing `S' now just to see what is salvageable.

! Misplaced alignment tab character &.
l.115 ...e comparaciones (Abdi, 2010; MacFarland &
                                                   Yates, 2016).
I can't figure out why you would want to use a tab mark
here. If you just want an ampersand, the remedy is
simple: Just type `I\&' now. But if some right brace
up above has ended a previous alignment prematurely,
you're probably due for more error messages, and you
might try typing `S' now just to see what is salvageable.

Package babel Info: Redefining spanish shorthand <<
(babel)             in language append on input line 116.
Package babel Info: Redefining spanish shorthand >>
(babel)             in language append on input line 116.
Package babel Info: Redefining spanish shorthand "=
(babel)             in language append on input line 116.
Package babel Info: Redefining spanish shorthand "~
(babel)             in language append on input line 116.
Package babel Info: Redefining spanish shorthand "!
(babel)             in language append on input line 116.
Package babel Info: Redefining spanish shorthand "?
(babel)             in language append on input line 116.
Package babel Info: Redefining spanish shorthand <<
(babel)             in language append on input line 116.
Package babel Info: Redefining spanish shorthand >>
(babel)             in language append on input line 116.
Package babel Info: Redefining spanish shorthand "=
(babel)             in language append on input line 116.
Package babel Info: Redefining spanish shorthand "~
(babel)             in language append on input line 116.
Package babel Info: Redefining spanish shorthand "!
(babel)             in language append on input line 116.
Package babel Info: Redefining spanish shorthand "?
(babel)             in language append on input line 116.
[10]
Package atveryend Info: Empty hook `BeforeClearDocument' on input line 128.
Package babel Info: Redefining spanish shorthand <<
(babel)             in language append on input line 128.
Package babel Info: Redefining spanish shorthand >>
(babel)             in language append on input line 128.
Package babel Info: Redefining spanish shorthand "=
(babel)             in language append on input line 128.
Package babel Info: Redefining spanish shorthand "~
(babel)             in language append on input line 128.
Package babel Info: Redefining spanish shorthand "!
(babel)             in language append on input line 128.
Package babel Info: Redefining spanish shorthand "?
(babel)             in language append on input line 128.
Package babel Info: Redefining spanish shorthand <<
(babel)             in language append on input line 128.
Package babel Info: Redefining spanish shorthand >>
(babel)             in language append on input line 128.
Package babel Info: Redefining spanish shorthand "=
(babel)             in language append on input line 128.
Package babel Info: Redefining spanish shorthand "~
(babel)             in language append on input line 128.
Package babel Info: Redefining spanish shorthand "!
(babel)             in language append on input line 128.
Package babel Info: Redefining spanish shorthand "?
(babel)             in language append on input line 128.
 [11]
Package atveryend Info: Empty hook `AfterLastShipout' on input line 128.
 (M6_Pozo_Montoro_Maria.aux
LaTeX Info: Redefining \. on input line 23.
LaTeX Info: Redefining \% on input line 23.
)
Package atveryend Info: Executing hook `AtVeryEndDocument' on input line 128.
Package atveryend Info: Executing hook `AtEndAfterFileList' on input line 128.
Package rerunfilecheck Info: File `M6_Pozo_Montoro_Maria.out' has not changed.
(rerunfilecheck)             Checksum: 65360E174EC95F5E14D6FFEAFB2D44B8;628.
Package atveryend Info: Empty hook `AtVeryVeryEnd' on input line 128.
 ) 
Here is how much of TeX's memory you used:
 7468 strings out of 493305
 113336 string characters out of 3129367
 229710 words of memory out of 3000000
 10930 multiletter control sequences out of 15000+200000
 9633 words of font info for 34 fonts, out of 3000000 for 9000
 1141 hyphenation exceptions out of 8191
 36i,8n,39p,2007b,447s stack positions out of 5000i,500n,10000p,200000b,50000s
<C:/Users/María/AppData/Local/Programs/MiKTeX 2.9/fonts/type1/public/amsfont
s/cm/cmbx10.pfb><C:/Users/María/AppData/Local/Programs/MiKTeX 2.9/fonts/type1/
public/amsfonts/cm/cmbx12.pfb><C:/Users/María/AppData/Local/Programs/MiKTeX 2.
9/fonts/type1/public/amsfonts/cm/cmex10.pfb><C:/Users/María/AppData/Local/Prog
rams/MiKTeX 2.9/fonts/type1/public/amsfonts/cm/cmmi10.pfb><C:/Users/María/AppD
ata/Local/Programs/MiKTeX 2.9/fonts/type1/public/amsfonts/cm/cmmi8.pfb><C:/User
s/María/AppData/Local/Programs/MiKTeX 2.9/fonts/type1/public/amsfonts/cm/cmr10
.pfb><C:/Users/María/AppData/Local/Programs/MiKTeX 2.9/fonts/type1/public/amsf
onts/cm/cmr12.pfb><C:/Users/María/AppData/Local/Programs/MiKTeX 2.9/fonts/type
1/public/amsfonts/cm/cmr17.pfb><C:/Users/María/AppData/Local/Programs/MiKTeX 2
.9/fonts/type1/public/amsfonts/cm/cmr8.pfb><C:/Users/María/AppData/Local/Progr
ams/MiKTeX 2.9/fonts/type1/public/amsfonts/cm/cmsy10.pfb><C:/Users/María/AppDa
ta/Local/Programs/MiKTeX 2.9/fonts/type1/public/amsfonts/cm/cmsy8.pfb><C:/Users
/María/AppData/Local/Programs/MiKTeX 2.9/fonts/type1/public/amsfonts/cm/cmti10
.pfb><C:/Users/María/AppData/Local/Programs/MiKTeX 2.9/fonts/type1/public/amsf
onts/cm/cmtt10.pfb>
Output written on M6_Pozo_Montoro_Maria.pdf (11 pages, 308094 bytes).
PDF statistics:
 164 PDF objects out of 1000 (max. 8388607)
 28 named destinations out of 1000 (max. 500000)
 83 words of extra memory for PDF output out of 10000 (max. 10000000)

